setting 'ivy.default.settings.dir' to 'jar:file:/Users/viirya/bin/sbt-launcher.jar!/org/apache/ivy/core/settings'
setting 'ivy.basedir' to '/Users/viirya/codes/android/projects/GClient/.'
setting 'ivy.default.conf.dir' to 'jar:file:/Users/viirya/bin/sbt-launcher.jar!/org/apache/ivy/core/settings'
impossible to define new type: class not found: org.apache.ivy.plugins.trigger.LogTrigger in [] nor Ivy classloader
impossible to define new type: class not found: org.apache.ivy.plugins.resolver.VsftpResolver in [] nor Ivy classloader
impossible to define new type: class not found: org.apache.ivy.plugins.conflict.RegexpConflictManager in [] nor Ivy classloader
impossible to define new type: class not found: org.apache.ivy.plugins.resolver.SshResolver in [] nor Ivy classloader
impossible to define new type: class not found: org.apache.ivy.plugins.resolver.VfsResolver in [] nor Ivy classloader
impossible to define new type: class not found: org.apache.ivy.plugins.resolver.SFTPResolver in [] nor Ivy classloader
impossible to define new type: class not found: org.apache.ivy.plugins.resolver.packager.PackagerResolver in [] nor Ivy classloader
impossible to define new type: class not found: org.apache.ivy.ant.AntCallTrigger in [] nor Ivy classloader
impossible to define new type: class not found: org.apache.ivy.plugins.resolver.IvyRepResolver in [] nor Ivy classloader
impossible to define new type: class not found: org.apache.ivy.ant.AntBuildTrigger in [] nor Ivy classloader
impossible to define glob matcher: org.apache.ivy.plugins.matcher.GlobPatternMatcher was not found.
setting 'java.runtime.name' to 'Java(TM) SE Runtime Environment'
setting 'sun.boot.library.path' to '/System/Library/Frameworks/JavaVM.framework/Versions/1.6.0/Libraries'
setting 'java.vm.version' to '14.1-b02-92'
setting 'awt.nativeDoubleBuffering' to 'true'
setting 'gopherProxySet' to 'false'
setting 'java.vm.vendor' to 'Apple Inc.'
setting 'java.vendor.url' to 'http://www.apple.com/'
setting 'path.separator' to ':'
setting 'java.vm.name' to 'Java HotSpot(TM) 64-Bit Server VM'
setting 'file.encoding.pkg' to 'sun.io'
setting 'sun.java.launcher' to 'SUN_STANDARD'
setting 'user.country' to 'US'
setting 'sun.os.patch.level' to 'unknown'
setting 'java.vm.specification.name' to 'Java Virtual Machine Specification'
setting 'user.dir' to '/Users/viirya/codes/android/projects/GClient'
setting 'java.runtime.version' to '1.6.0_15-b03-226'
setting 'java.awt.graphicsenv' to 'apple.awt.CGraphicsEnvironment'
setting 'java.endorsed.dirs' to '/System/Library/Frameworks/JavaVM.framework/Versions/1.6.0/Home/lib/endorsed'
setting 'os.arch' to 'x86_64'
setting 'java.io.tmpdir' to '/var/folders/h-/h-xcvNpCGSGKxX9ipjl+8E+++TM/-Tmp-/'
setting 'line.separator' to '
'
setting 'java.vm.specification.vendor' to 'Sun Microsystems Inc.'
setting 'os.name' to 'Mac OS X'
setting 'sun.jnu.encoding' to 'MacRoman'
setting 'java.library.path' to '.:/Library/Java/Extensions:/System/Library/Java/Extensions:/usr/lib/java'
setting 'sbt.boot' to 'true'
setting 'java.specification.name' to 'Java Platform API Specification'
setting 'java.class.version' to '50.0'
setting 'sun.management.compiler' to 'HotSpot 64-Bit Server Compiler'
setting 'os.version' to '10.5.8'
setting 'user.home' to '/Users/viirya'
setting 'user.timezone' to 'Asia/Taipei'
setting 'scala.home' to '/Users/viirya/codes/android/projects/GClient/project/boot/scala-2.8.0'
setting 'java.awt.printerjob' to 'apple.awt.CPrinterJob'
setting 'file.encoding' to 'MacRoman'
setting 'java.specification.version' to '1.6'
setting 'java.class.path' to '/Users/viirya/bin/sbt-launcher.jar'
setting 'user.name' to 'viirya'
setting 'java.vm.specification.version' to '1.0'
setting 'java.home' to '/System/Library/Frameworks/JavaVM.framework/Versions/1.6.0/Home'
setting 'sun.arch.data.model' to '64'
setting 'user.language' to 'en'
setting 'java.specification.vendor' to 'Sun Microsystems Inc.'
setting 'awt.toolkit' to 'apple.awt.CToolkit'
setting 'java.vm.info' to 'mixed mode'
setting 'java.version' to '1.6.0_15'
setting 'java.ext.dirs' to '/Library/Java/Extensions:/System/Library/Java/Extensions:/System/Library/Frameworks/JavaVM.framework/Versions/1.6.0/Home/lib/ext'
setting 'sun.boot.class.path' to '/System/Library/Frameworks/JavaVM.framework/Versions/1.6.0/Classes/jsfd.jar:/System/Library/Frameworks/JavaVM.framework/Versions/1.6.0/Classes/classes.jar:/System/Library/Frameworks/JavaVM.framework/Frameworks/JavaRuntimeSupport.framework/Resources/Java/JavaRuntimeSupport.jar:/System/Library/Frameworks/JavaVM.framework/Versions/1.6.0/Classes/ui.jar:/System/Library/Frameworks/JavaVM.framework/Versions/1.6.0/Classes/laf.jar:/System/Library/Frameworks/JavaVM.framework/Versions/1.6.0/Classes/sunrsasign.jar:/System/Library/Frameworks/JavaVM.framework/Versions/1.6.0/Classes/jsse.jar:/System/Library/Frameworks/JavaVM.framework/Versions/1.6.0/Classes/jce.jar:/System/Library/Frameworks/JavaVM.framework/Versions/1.6.0/Classes/charsets.jar'
setting 'java.vendor' to 'Apple Inc.'
setting 'file.separator' to '/'
setting 'java.vendor.url.bug' to 'http://bugreport.apple.com/'
setting 'sun.io.unicode.encoding' to 'UnicodeLittle'
setting 'sun.cpu.endian' to 'little'
setting 'mrj.version' to '1050.1.6.0_15-226'
setting 'sun.cpu.isalist' to ''
setting 'ivy.default.ivy.user.dir' to '/Users/viirya/.ivy2'
setting 'ivy.home' to '/Users/viirya/.ivy2'
no default ivy user dir defined: set to /Users/viirya/.ivy2
setting 'ivy.cache.dir' to '/Users/viirya/.ivy2/cache'
no default cache defined: set to /Users/viirya/.ivy2/cache
setting 'ivy.basedir' to '/Users/viirya/codes/android/projects/GClient/project/boot/scala-2.8.0'
setting 'basedir' to '/Users/viirya/codes/android/projects/GClient/project/boot/scala-2.8.0'
:: resolving dependencies :: sbt#boot;1.0
	confs: [default]
	validate = true
	refresh = false
resolving dependencies for configuration 'default'
== resolving dependencies for sbt#boot;1.0 [default]
loadData of sbt#boot;1.0 of rootConf=default
== resolving dependencies sbt#boot;1.0->org.scala-lang#scala-compiler;2.8.0 [default->default]
loadData of org.scala-lang#scala-compiler;2.8.0 of rootConf=default
	using redefined-public to resolve org.scala-lang#scala-compiler;2.8.0
redefined-public: Checking cache for: dependency: org.scala-lang#scala-compiler;2.8.0 {default=[default]}
redefined-public: no namespace defined: using system
	no ivy file in cache for org.scala-lang#scala-compiler;2.8.0: tried /Users/viirya/.ivy2/cache/org.scala-lang/scala-compiler/ivy-2.8.0.xml
redefined-public: no latest strategy defined: using default
local: no namespace defined: using system
	no ivy file in cache for org.scala-lang#scala-compiler;2.8.0: tried /Users/viirya/.ivy2/cache/org.scala-lang/scala-compiler/ivy-2.8.0.xml
	 trying /Users/viirya/.ivy2/local/org.scala-lang/scala-compiler/2.8.0/ivys/ivy.xml
		tried /Users/viirya/.ivy2/local/org.scala-lang/scala-compiler/2.8.0/ivys/ivy.xml
	local: resource not reachable for org.scala-lang#scala-compiler;2.8.0: res=/Users/viirya/.ivy2/local/org.scala-lang/scala-compiler/2.8.0/ivys/ivy.xml
	 trying /Users/viirya/.ivy2/local/org.scala-lang/scala-compiler/2.8.0/jars/scala-compiler.jar
		tried /Users/viirya/.ivy2/local/org.scala-lang/scala-compiler/2.8.0/jars/scala-compiler.jar
	local: resource not reachable for org.scala-lang#scala-compiler;2.8.0: res=/Users/viirya/.ivy2/local/org.scala-lang/scala-compiler/2.8.0/jars/scala-compiler.jar
	local: no ivy file nor artifact found for org.scala-lang#scala-compiler;2.8.0
Maven2 Local: no namespace defined: using system
	no ivy file in cache for org.scala-lang#scala-compiler;2.8.0: tried /Users/viirya/.ivy2/cache/org.scala-lang/scala-compiler/ivy-2.8.0.xml
	 trying file:///Users/viirya/.m2/repository/org/scala-lang/scala-compiler/2.8.0/scala-compiler-2.8.0.pom
		tried file:///Users/viirya/.m2/repository/org/scala-lang/scala-compiler/2.8.0/scala-compiler-2.8.0.pom
	Maven2 Local: resource not reachable for org/scala-lang#scala-compiler;2.8.0: res=file:/Users/viirya/.m2/repository/org/scala-lang/scala-compiler/2.8.0/scala-compiler-2.8.0.pom
	 trying file:///Users/viirya/.m2/repository/org/scala-lang/scala-compiler/2.8.0/scala-compiler-2.8.0.jar
		tried file:///Users/viirya/.m2/repository/org/scala-lang/scala-compiler/2.8.0/scala-compiler-2.8.0.jar
	Maven2 Local: resource not reachable for org/scala-lang#scala-compiler;2.8.0: res=file:/Users/viirya/.m2/repository/org/scala-lang/scala-compiler/2.8.0/scala-compiler-2.8.0.jar
	Maven2 Local: no ivy file nor artifact found for org.scala-lang#scala-compiler;2.8.0
Maven Central: no namespace defined: using system
	no ivy file in cache for org.scala-lang#scala-compiler;2.8.0: tried /Users/viirya/.ivy2/cache/org.scala-lang/scala-compiler/ivy-2.8.0.xml
	 trying http://repo1.maven.org/maven2/org/scala-lang/scala-compiler/2.8.0/scala-compiler-2.8.0.pom
		tried http://repo1.maven.org/maven2/org/scala-lang/scala-compiler/2.8.0/scala-compiler-2.8.0.pom
HTTP response status: 404 url=http://repo1.maven.org/maven2/org/scala-lang/scala-compiler/2.8.0/scala-compiler-2.8.0.pom
CLIENT ERROR: Not Found url=http://repo1.maven.org/maven2/org/scala-lang/scala-compiler/2.8.0/scala-compiler-2.8.0.pom
	Maven Central: resource not reachable for org/scala-lang#scala-compiler;2.8.0: res=http://repo1.maven.org/maven2/org/scala-lang/scala-compiler/2.8.0/scala-compiler-2.8.0.pom
	 trying http://repo1.maven.org/maven2/org/scala-lang/scala-compiler/2.8.0/scala-compiler-2.8.0.jar
		tried http://repo1.maven.org/maven2/org/scala-lang/scala-compiler/2.8.0/scala-compiler-2.8.0.jar
HTTP response status: 404 url=http://repo1.maven.org/maven2/org/scala-lang/scala-compiler/2.8.0/scala-compiler-2.8.0.jar
CLIENT ERROR: Not Found url=http://repo1.maven.org/maven2/org/scala-lang/scala-compiler/2.8.0/scala-compiler-2.8.0.jar
	Maven Central: resource not reachable for org/scala-lang#scala-compiler;2.8.0: res=http://repo1.maven.org/maven2/org/scala-lang/scala-compiler/2.8.0/scala-compiler-2.8.0.jar
	Maven Central: no ivy file nor artifact found for org.scala-lang#scala-compiler;2.8.0
Scala-Tools Maven2 Repository: no namespace defined: using system
	no ivy file in cache for org.scala-lang#scala-compiler;2.8.0: tried /Users/viirya/.ivy2/cache/org.scala-lang/scala-compiler/ivy-2.8.0.xml
	 trying http://scala-tools.org/repo-releases/org/scala-lang/scala-compiler/2.8.0/scala-compiler-2.8.0.pom
		tried http://scala-tools.org/repo-releases/org/scala-lang/scala-compiler/2.8.0/scala-compiler-2.8.0.pom
HTTP response status: 404 url=http://scala-tools.org/repo-releases/org/scala-lang/scala-compiler/2.8.0/scala-compiler-2.8.0.pom
CLIENT ERROR: Not Found url=http://scala-tools.org/repo-releases/org/scala-lang/scala-compiler/2.8.0/scala-compiler-2.8.0.pom
	Scala-Tools Maven2 Repository: resource not reachable for org/scala-lang#scala-compiler;2.8.0: res=http://scala-tools.org/repo-releases/org/scala-lang/scala-compiler/2.8.0/scala-compiler-2.8.0.pom
	 trying http://scala-tools.org/repo-releases/org/scala-lang/scala-compiler/2.8.0/scala-compiler-2.8.0.jar
		tried http://scala-tools.org/repo-releases/org/scala-lang/scala-compiler/2.8.0/scala-compiler-2.8.0.jar
HTTP response status: 404 url=http://scala-tools.org/repo-releases/org/scala-lang/scala-compiler/2.8.0/scala-compiler-2.8.0.jar
CLIENT ERROR: Not Found url=http://scala-tools.org/repo-releases/org/scala-lang/scala-compiler/2.8.0/scala-compiler-2.8.0.jar
	Scala-Tools Maven2 Repository: resource not reachable for org/scala-lang#scala-compiler;2.8.0: res=http://scala-tools.org/repo-releases/org/scala-lang/scala-compiler/2.8.0/scala-compiler-2.8.0.jar
	Scala-Tools Maven2 Repository: no ivy file nor artifact found for org.scala-lang#scala-compiler;2.8.0
Scala-Tools Maven2 Snapshots Repository: no namespace defined: using system
	no ivy file in cache for org.scala-lang#scala-compiler;2.8.0: tried /Users/viirya/.ivy2/cache/org.scala-lang/scala-compiler/ivy-2.8.0.xml
	 trying http://scala-tools.org/repo-snapshots/org/scala-lang/scala-compiler/2.8.0/scala-compiler-2.8.0.pom
		tried http://scala-tools.org/repo-snapshots/org/scala-lang/scala-compiler/2.8.0/scala-compiler-2.8.0.pom
HTTP response status: 404 url=http://scala-tools.org/repo-snapshots/org/scala-lang/scala-compiler/2.8.0/scala-compiler-2.8.0.pom
CLIENT ERROR: Not Found url=http://scala-tools.org/repo-snapshots/org/scala-lang/scala-compiler/2.8.0/scala-compiler-2.8.0.pom
	Scala-Tools Maven2 Snapshots Repository: resource not reachable for org/scala-lang#scala-compiler;2.8.0: res=http://scala-tools.org/repo-snapshots/org/scala-lang/scala-compiler/2.8.0/scala-compiler-2.8.0.pom
	 trying http://scala-tools.org/repo-snapshots/org/scala-lang/scala-compiler/2.8.0/scala-compiler-2.8.0.jar
		tried http://scala-tools.org/repo-snapshots/org/scala-lang/scala-compiler/2.8.0/scala-compiler-2.8.0.jar
HTTP response status: 404 url=http://scala-tools.org/repo-snapshots/org/scala-lang/scala-compiler/2.8.0/scala-compiler-2.8.0.jar
CLIENT ERROR: Not Found url=http://scala-tools.org/repo-snapshots/org/scala-lang/scala-compiler/2.8.0/scala-compiler-2.8.0.jar
	Scala-Tools Maven2 Snapshots Repository: resource not reachable for org/scala-lang#scala-compiler;2.8.0: res=http://scala-tools.org/repo-snapshots/org/scala-lang/scala-compiler/2.8.0/scala-compiler-2.8.0.jar
	Scala-Tools Maven2 Snapshots Repository: no ivy file nor artifact found for org.scala-lang#scala-compiler;2.8.0
WARN: 	module not found: org.scala-lang#scala-compiler;2.8.0
WARN: ==== local: tried
WARN:   /Users/viirya/.ivy2/local/org.scala-lang/scala-compiler/2.8.0/ivys/ivy.xml
WARN:   -- artifact org.scala-lang#scala-compiler;2.8.0!scala-compiler.jar:
WARN:   /Users/viirya/.ivy2/local/org.scala-lang/scala-compiler/2.8.0/jars/scala-compiler.jar
WARN: ==== Maven2 Local: tried
WARN:   file:///Users/viirya/.m2/repository/org/scala-lang/scala-compiler/2.8.0/scala-compiler-2.8.0.pom
WARN:   -- artifact org.scala-lang#scala-compiler;2.8.0!scala-compiler.jar:
WARN:   file:///Users/viirya/.m2/repository/org/scala-lang/scala-compiler/2.8.0/scala-compiler-2.8.0.jar
WARN: ==== Maven Central: tried
WARN:   http://repo1.maven.org/maven2/org/scala-lang/scala-compiler/2.8.0/scala-compiler-2.8.0.pom
WARN:   -- artifact org.scala-lang#scala-compiler;2.8.0!scala-compiler.jar:
WARN:   http://repo1.maven.org/maven2/org/scala-lang/scala-compiler/2.8.0/scala-compiler-2.8.0.jar
WARN: ==== Scala-Tools Maven2 Repository: tried
WARN:   http://scala-tools.org/repo-releases/org/scala-lang/scala-compiler/2.8.0/scala-compiler-2.8.0.pom
WARN:   -- artifact org.scala-lang#scala-compiler;2.8.0!scala-compiler.jar:
WARN:   http://scala-tools.org/repo-releases/org/scala-lang/scala-compiler/2.8.0/scala-compiler-2.8.0.jar
WARN: ==== Scala-Tools Maven2 Snapshots Repository: tried
WARN:   http://scala-tools.org/repo-snapshots/org/scala-lang/scala-compiler/2.8.0/scala-compiler-2.8.0.pom
WARN:   -- artifact org.scala-lang#scala-compiler;2.8.0!scala-compiler.jar:
WARN:   http://scala-tools.org/repo-snapshots/org/scala-lang/scala-compiler/2.8.0/scala-compiler-2.8.0.jar
== resolving dependencies sbt#boot;1.0->org.scala-lang#scala-library;2.8.0 [default->default]
loadData of org.scala-lang#scala-library;2.8.0 of rootConf=default
	using redefined-public to resolve org.scala-lang#scala-library;2.8.0
redefined-public: Checking cache for: dependency: org.scala-lang#scala-library;2.8.0 {default=[default]}
	no ivy file in cache for org.scala-lang#scala-library;2.8.0: tried /Users/viirya/.ivy2/cache/org.scala-lang/scala-library/ivy-2.8.0.xml
	no ivy file in cache for org.scala-lang#scala-library;2.8.0: tried /Users/viirya/.ivy2/cache/org.scala-lang/scala-library/ivy-2.8.0.xml
	 trying /Users/viirya/.ivy2/local/org.scala-lang/scala-library/2.8.0/ivys/ivy.xml
		tried /Users/viirya/.ivy2/local/org.scala-lang/scala-library/2.8.0/ivys/ivy.xml
	local: resource not reachable for org.scala-lang#scala-library;2.8.0: res=/Users/viirya/.ivy2/local/org.scala-lang/scala-library/2.8.0/ivys/ivy.xml
	 trying /Users/viirya/.ivy2/local/org.scala-lang/scala-library/2.8.0/jars/scala-library.jar
		tried /Users/viirya/.ivy2/local/org.scala-lang/scala-library/2.8.0/jars/scala-library.jar
	local: resource not reachable for org.scala-lang#scala-library;2.8.0: res=/Users/viirya/.ivy2/local/org.scala-lang/scala-library/2.8.0/jars/scala-library.jar
	local: no ivy file nor artifact found for org.scala-lang#scala-library;2.8.0
	no ivy file in cache for org.scala-lang#scala-library;2.8.0: tried /Users/viirya/.ivy2/cache/org.scala-lang/scala-library/ivy-2.8.0.xml
	 trying file:///Users/viirya/.m2/repository/org/scala-lang/scala-library/2.8.0/scala-library-2.8.0.pom
		tried file:///Users/viirya/.m2/repository/org/scala-lang/scala-library/2.8.0/scala-library-2.8.0.pom
	Maven2 Local: resource not reachable for org/scala-lang#scala-library;2.8.0: res=file:/Users/viirya/.m2/repository/org/scala-lang/scala-library/2.8.0/scala-library-2.8.0.pom
	 trying file:///Users/viirya/.m2/repository/org/scala-lang/scala-library/2.8.0/scala-library-2.8.0.jar
		tried file:///Users/viirya/.m2/repository/org/scala-lang/scala-library/2.8.0/scala-library-2.8.0.jar
	Maven2 Local: resource not reachable for org/scala-lang#scala-library;2.8.0: res=file:/Users/viirya/.m2/repository/org/scala-lang/scala-library/2.8.0/scala-library-2.8.0.jar
	Maven2 Local: no ivy file nor artifact found for org.scala-lang#scala-library;2.8.0
	no ivy file in cache for org.scala-lang#scala-library;2.8.0: tried /Users/viirya/.ivy2/cache/org.scala-lang/scala-library/ivy-2.8.0.xml
	 trying http://repo1.maven.org/maven2/org/scala-lang/scala-library/2.8.0/scala-library-2.8.0.pom
		tried http://repo1.maven.org/maven2/org/scala-lang/scala-library/2.8.0/scala-library-2.8.0.pom
HTTP response status: 404 url=http://repo1.maven.org/maven2/org/scala-lang/scala-library/2.8.0/scala-library-2.8.0.pom
CLIENT ERROR: Not Found url=http://repo1.maven.org/maven2/org/scala-lang/scala-library/2.8.0/scala-library-2.8.0.pom
	Maven Central: resource not reachable for org/scala-lang#scala-library;2.8.0: res=http://repo1.maven.org/maven2/org/scala-lang/scala-library/2.8.0/scala-library-2.8.0.pom
	 trying http://repo1.maven.org/maven2/org/scala-lang/scala-library/2.8.0/scala-library-2.8.0.jar
		tried http://repo1.maven.org/maven2/org/scala-lang/scala-library/2.8.0/scala-library-2.8.0.jar
HTTP response status: 404 url=http://repo1.maven.org/maven2/org/scala-lang/scala-library/2.8.0/scala-library-2.8.0.jar
CLIENT ERROR: Not Found url=http://repo1.maven.org/maven2/org/scala-lang/scala-library/2.8.0/scala-library-2.8.0.jar
	Maven Central: resource not reachable for org/scala-lang#scala-library;2.8.0: res=http://repo1.maven.org/maven2/org/scala-lang/scala-library/2.8.0/scala-library-2.8.0.jar
	Maven Central: no ivy file nor artifact found for org.scala-lang#scala-library;2.8.0
	no ivy file in cache for org.scala-lang#scala-library;2.8.0: tried /Users/viirya/.ivy2/cache/org.scala-lang/scala-library/ivy-2.8.0.xml
	 trying http://scala-tools.org/repo-releases/org/scala-lang/scala-library/2.8.0/scala-library-2.8.0.pom
		tried http://scala-tools.org/repo-releases/org/scala-lang/scala-library/2.8.0/scala-library-2.8.0.pom
HTTP response status: 404 url=http://scala-tools.org/repo-releases/org/scala-lang/scala-library/2.8.0/scala-library-2.8.0.pom
CLIENT ERROR: Not Found url=http://scala-tools.org/repo-releases/org/scala-lang/scala-library/2.8.0/scala-library-2.8.0.pom
	Scala-Tools Maven2 Repository: resource not reachable for org/scala-lang#scala-library;2.8.0: res=http://scala-tools.org/repo-releases/org/scala-lang/scala-library/2.8.0/scala-library-2.8.0.pom
	 trying http://scala-tools.org/repo-releases/org/scala-lang/scala-library/2.8.0/scala-library-2.8.0.jar
		tried http://scala-tools.org/repo-releases/org/scala-lang/scala-library/2.8.0/scala-library-2.8.0.jar
HTTP response status: 404 url=http://scala-tools.org/repo-releases/org/scala-lang/scala-library/2.8.0/scala-library-2.8.0.jar
CLIENT ERROR: Not Found url=http://scala-tools.org/repo-releases/org/scala-lang/scala-library/2.8.0/scala-library-2.8.0.jar
	Scala-Tools Maven2 Repository: resource not reachable for org/scala-lang#scala-library;2.8.0: res=http://scala-tools.org/repo-releases/org/scala-lang/scala-library/2.8.0/scala-library-2.8.0.jar
	Scala-Tools Maven2 Repository: no ivy file nor artifact found for org.scala-lang#scala-library;2.8.0
	no ivy file in cache for org.scala-lang#scala-library;2.8.0: tried /Users/viirya/.ivy2/cache/org.scala-lang/scala-library/ivy-2.8.0.xml
	 trying http://scala-tools.org/repo-snapshots/org/scala-lang/scala-library/2.8.0/scala-library-2.8.0.pom
		tried http://scala-tools.org/repo-snapshots/org/scala-lang/scala-library/2.8.0/scala-library-2.8.0.pom
HTTP response status: 404 url=http://scala-tools.org/repo-snapshots/org/scala-lang/scala-library/2.8.0/scala-library-2.8.0.pom
CLIENT ERROR: Not Found url=http://scala-tools.org/repo-snapshots/org/scala-lang/scala-library/2.8.0/scala-library-2.8.0.pom
	Scala-Tools Maven2 Snapshots Repository: resource not reachable for org/scala-lang#scala-library;2.8.0: res=http://scala-tools.org/repo-snapshots/org/scala-lang/scala-library/2.8.0/scala-library-2.8.0.pom
	 trying http://scala-tools.org/repo-snapshots/org/scala-lang/scala-library/2.8.0/scala-library-2.8.0.jar
		tried http://scala-tools.org/repo-snapshots/org/scala-lang/scala-library/2.8.0/scala-library-2.8.0.jar
HTTP response status: 404 url=http://scala-tools.org/repo-snapshots/org/scala-lang/scala-library/2.8.0/scala-library-2.8.0.jar
CLIENT ERROR: Not Found url=http://scala-tools.org/repo-snapshots/org/scala-lang/scala-library/2.8.0/scala-library-2.8.0.jar
	Scala-Tools Maven2 Snapshots Repository: resource not reachable for org/scala-lang#scala-library;2.8.0: res=http://scala-tools.org/repo-snapshots/org/scala-lang/scala-library/2.8.0/scala-library-2.8.0.jar
	Scala-Tools Maven2 Snapshots Repository: no ivy file nor artifact found for org.scala-lang#scala-library;2.8.0
WARN: 	module not found: org.scala-lang#scala-library;2.8.0
WARN: ==== local: tried
WARN:   /Users/viirya/.ivy2/local/org.scala-lang/scala-library/2.8.0/ivys/ivy.xml
WARN:   -- artifact org.scala-lang#scala-library;2.8.0!scala-library.jar:
WARN:   /Users/viirya/.ivy2/local/org.scala-lang/scala-library/2.8.0/jars/scala-library.jar
WARN: ==== Maven2 Local: tried
WARN:   file:///Users/viirya/.m2/repository/org/scala-lang/scala-library/2.8.0/scala-library-2.8.0.pom
WARN:   -- artifact org.scala-lang#scala-library;2.8.0!scala-library.jar:
WARN:   file:///Users/viirya/.m2/repository/org/scala-lang/scala-library/2.8.0/scala-library-2.8.0.jar
WARN: ==== Maven Central: tried
WARN:   http://repo1.maven.org/maven2/org/scala-lang/scala-library/2.8.0/scala-library-2.8.0.pom
WARN:   -- artifact org.scala-lang#scala-library;2.8.0!scala-library.jar:
WARN:   http://repo1.maven.org/maven2/org/scala-lang/scala-library/2.8.0/scala-library-2.8.0.jar
WARN: ==== Scala-Tools Maven2 Repository: tried
WARN:   http://scala-tools.org/repo-releases/org/scala-lang/scala-library/2.8.0/scala-library-2.8.0.pom
WARN:   -- artifact org.scala-lang#scala-library;2.8.0!scala-library.jar:
WARN:   http://scala-tools.org/repo-releases/org/scala-lang/scala-library/2.8.0/scala-library-2.8.0.jar
WARN: ==== Scala-Tools Maven2 Snapshots Repository: tried
WARN:   http://scala-tools.org/repo-snapshots/org/scala-lang/scala-library/2.8.0/scala-library-2.8.0.pom
WARN:   -- artifact org.scala-lang#scala-library;2.8.0!scala-library.jar:
WARN:   http://scala-tools.org/repo-snapshots/org/scala-lang/scala-library/2.8.0/scala-library-2.8.0.jar
Nbr of module to sort : 0
	resolved ivy file produced in /Users/viirya/.ivy2/cache/resolved-sbt-boot-1.0.xml
:: downloading artifacts ::
:: resolution report :: resolve 3522ms :: artifacts dl 0ms
WARN: 	::::::::::::::::::::::::::::::::::::::::::::::
WARN: 	::          UNRESOLVED DEPENDENCIES         ::
WARN: 	::::::::::::::::::::::::::::::::::::::::::::::
WARN: 	:: org.scala-lang#scala-compiler;2.8.0: not found
WARN: 	:: org.scala-lang#scala-library;2.8.0: not found
WARN: 	::::::::::::::::::::::::::::::::::::::::::::::

Nbr of module to sort : 0
	report for sbt#boot;1.0 default produced in /Users/viirya/.ivy2/cache/sbt-boot-default.xml
	resolve done (3522ms resolve - 0ms download)

:: problems summary ::
:::: WARNINGS
		module not found: org.scala-lang#scala-compiler;2.8.0

	==== local: tried

	  /Users/viirya/.ivy2/local/org.scala-lang/scala-compiler/2.8.0/ivys/ivy.xml

	  -- artifact org.scala-lang#scala-compiler;2.8.0!scala-compiler.jar:

	  /Users/viirya/.ivy2/local/org.scala-lang/scala-compiler/2.8.0/jars/scala-compiler.jar

	==== Maven2 Local: tried

	  file:///Users/viirya/.m2/repository/org/scala-lang/scala-compiler/2.8.0/scala-compiler-2.8.0.pom

	  -- artifact org.scala-lang#scala-compiler;2.8.0!scala-compiler.jar:

	  file:///Users/viirya/.m2/repository/org/scala-lang/scala-compiler/2.8.0/scala-compiler-2.8.0.jar

	==== Maven Central: tried

	  http://repo1.maven.org/maven2/org/scala-lang/scala-compiler/2.8.0/scala-compiler-2.8.0.pom

	  -- artifact org.scala-lang#scala-compiler;2.8.0!scala-compiler.jar:

	  http://repo1.maven.org/maven2/org/scala-lang/scala-compiler/2.8.0/scala-compiler-2.8.0.jar

	==== Scala-Tools Maven2 Repository: tried

	  http://scala-tools.org/repo-releases/org/scala-lang/scala-compiler/2.8.0/scala-compiler-2.8.0.pom

	  -- artifact org.scala-lang#scala-compiler;2.8.0!scala-compiler.jar:

	  http://scala-tools.org/repo-releases/org/scala-lang/scala-compiler/2.8.0/scala-compiler-2.8.0.jar

	==== Scala-Tools Maven2 Snapshots Repository: tried

	  http://scala-tools.org/repo-snapshots/org/scala-lang/scala-compiler/2.8.0/scala-compiler-2.8.0.pom

	  -- artifact org.scala-lang#scala-compiler;2.8.0!scala-compiler.jar:

	  http://scala-tools.org/repo-snapshots/org/scala-lang/scala-compiler/2.8.0/scala-compiler-2.8.0.jar

		module not found: org.scala-lang#scala-library;2.8.0

	==== local: tried

	  /Users/viirya/.ivy2/local/org.scala-lang/scala-library/2.8.0/ivys/ivy.xml

	  -- artifact org.scala-lang#scala-library;2.8.0!scala-library.jar:

	  /Users/viirya/.ivy2/local/org.scala-lang/scala-library/2.8.0/jars/scala-library.jar

	==== Maven2 Local: tried

	  file:///Users/viirya/.m2/repository/org/scala-lang/scala-library/2.8.0/scala-library-2.8.0.pom

	  -- artifact org.scala-lang#scala-library;2.8.0!scala-library.jar:

	  file:///Users/viirya/.m2/repository/org/scala-lang/scala-library/2.8.0/scala-library-2.8.0.jar

	==== Maven Central: tried

	  http://repo1.maven.org/maven2/org/scala-lang/scala-library/2.8.0/scala-library-2.8.0.pom

	  -- artifact org.scala-lang#scala-library;2.8.0!scala-library.jar:

	  http://repo1.maven.org/maven2/org/scala-lang/scala-library/2.8.0/scala-library-2.8.0.jar

	==== Scala-Tools Maven2 Repository: tried

	  http://scala-tools.org/repo-releases/org/scala-lang/scala-library/2.8.0/scala-library-2.8.0.pom

	  -- artifact org.scala-lang#scala-library;2.8.0!scala-library.jar:

	  http://scala-tools.org/repo-releases/org/scala-lang/scala-library/2.8.0/scala-library-2.8.0.jar

	==== Scala-Tools Maven2 Snapshots Repository: tried

	  http://scala-tools.org/repo-snapshots/org/scala-lang/scala-library/2.8.0/scala-library-2.8.0.pom

	  -- artifact org.scala-lang#scala-library;2.8.0!scala-library.jar:

	  http://scala-tools.org/repo-snapshots/org/scala-lang/scala-library/2.8.0/scala-library-2.8.0.jar

		::::::::::::::::::::::::::::::::::::::::::::::

		::          UNRESOLVED DEPENDENCIES         ::

		::::::::::::::::::::::::::::::::::::::::::::::

		:: org.scala-lang#scala-compiler;2.8.0: not found

		:: org.scala-lang#scala-library;2.8.0: not found

		::::::::::::::::::::::::::::::::::::::::::::::



:: USE VERBOSE OR DEBUG MESSAGE LEVEL FOR MORE DETAILS
java.lang.RuntimeException: not found
	at org.apache.ivy.core.resolve.IvyNode.loadData(IvyNode.java:236)
	at org.apache.ivy.core.resolve.VisitNode.loadData(VisitNode.java:271)
	at org.apache.ivy.core.resolve.ResolveEngine.fetchDependencies(ResolveEngine.java:671)
	at org.apache.ivy.core.resolve.ResolveEngine.doFetchDependencies(ResolveEngine.java:757)
	at org.apache.ivy.core.resolve.ResolveEngine.fetchDependencies(ResolveEngine.java:679)
	at org.apache.ivy.core.resolve.ResolveEngine.getDependencies(ResolveEngine.java:551)
	at org.apache.ivy.core.resolve.ResolveEngine.resolve(ResolveEngine.java:235)
	at sbt.boot.Update.resolve(Update.scala:136)
	at sbt.boot.Update.update(Update.scala:118)
	at sbt.boot.Update.update(Update.scala:87)
	at sbt.boot.Update.sbt$boot$Update$$update(Update.scala:71)
	at sbt.boot.Update$$anonfun$sbt$boot$Update$$update$1.apply(Update.scala:55)
	at sbt.boot.Update$$anonfun$sbt$boot$Update$$update$1.apply(Update.scala:55)
	at scala.List.foreach(List.scala:834)
	at sbt.boot.Update.sbt$boot$Update$$update(Update.scala:55)
	at sbt.boot.Update$.apply(Update.scala:37)
	at sbt.boot.Setup.getLoader(Boot.scala:248)
	at sbt.boot.Setup.loader(Boot.scala:216)
	at sbt.boot.Setup.loader(Boot.scala:202)
	at sbt.boot.Boot$.load(Boot.scala:80)
	at sbt.boot.Boot$.doLoad$1(Boot.scala:61)
	at sbt.boot.Boot$.runBatch(Boot.scala:64)
	at sbt.boot.Boot$.boot(Boot.scala:57)
	at sbt.boot.Boot$.main(Boot.scala:33)
	at sbt.boot.Boot.main(Boot.scala)
java.lang.RuntimeException: not found
	at org.apache.ivy.core.resolve.IvyNode.loadData(IvyNode.java:236)
	at org.apache.ivy.core.resolve.VisitNode.loadData(VisitNode.java:271)
	at org.apache.ivy.core.resolve.ResolveEngine.fetchDependencies(ResolveEngine.java:671)
	at org.apache.ivy.core.resolve.ResolveEngine.doFetchDependencies(ResolveEngine.java:757)
	at org.apache.ivy.core.resolve.ResolveEngine.fetchDependencies(ResolveEngine.java:679)
	at org.apache.ivy.core.resolve.ResolveEngine.getDependencies(ResolveEngine.java:551)
	at org.apache.ivy.core.resolve.ResolveEngine.resolve(ResolveEngine.java:235)
	at sbt.boot.Update.resolve(Update.scala:136)
	at sbt.boot.Update.update(Update.scala:118)
	at sbt.boot.Update.update(Update.scala:87)
	at sbt.boot.Update.sbt$boot$Update$$update(Update.scala:71)
	at sbt.boot.Update$$anonfun$sbt$boot$Update$$update$1.apply(Update.scala:55)
	at sbt.boot.Update$$anonfun$sbt$boot$Update$$update$1.apply(Update.scala:55)
	at scala.List.foreach(List.scala:834)
	at sbt.boot.Update.sbt$boot$Update$$update(Update.scala:55)
	at sbt.boot.Update$.apply(Update.scala:37)
	at sbt.boot.Setup.getLoader(Boot.scala:248)
	at sbt.boot.Setup.loader(Boot.scala:216)
	at sbt.boot.Setup.loader(Boot.scala:202)
	at sbt.boot.Boot$.load(Boot.scala:80)
	at sbt.boot.Boot$.doLoad$1(Boot.scala:61)
	at sbt.boot.Boot$.runBatch(Boot.scala:64)
	at sbt.boot.Boot$.boot(Boot.scala:57)
	at sbt.boot.Boot$.main(Boot.scala:33)
	at sbt.boot.Boot.main(Boot.scala)
Error retrieving required libraries
	at sbt.boot.Update.resolve(Update.scala:141)
	at sbt.boot.Update.update(Update.scala:118)
	at sbt.boot.Update.update(Update.scala:87)
	at sbt.boot.Update.sbt$boot$Update$$update(Update.scala:71)
	at sbt.boot.Update$$anonfun$sbt$boot$Update$$update$1.apply(Update.scala:55)
	at sbt.boot.Update$$anonfun$sbt$boot$Update$$update$1.apply(Update.scala:55)
	at scala.List.foreach(List.scala:834)
	at sbt.boot.Update.sbt$boot$Update$$update(Update.scala:55)
	at sbt.boot.Update$.apply(Update.scala:37)
	at sbt.boot.Setup.getLoader(Boot.scala:248)
	at sbt.boot.Setup.loader(Boot.scala:216)
	at sbt.boot.Setup.loader(Boot.scala:202)
	at sbt.boot.Boot$.load(Boot.scala:80)
	at sbt.boot.Boot$.doLoad$1(Boot.scala:61)
	at sbt.boot.Boot$.runBatch(Boot.scala:64)
	at sbt.boot.Boot$.boot(Boot.scala:57)
	at sbt.boot.Boot$.main(Boot.scala:33)
	at sbt.boot.Boot.main(Boot.scala)
Error retrieving required libraries
